INFO - Compiled: Mon Jul 3 15:20:01 EDT 2023, Linux bilbo.quantumbioinc.com 3.10.0-862.14.4.el7.x86_64 #1 SMP Wed Sep 26 15:12:11 UTC 2018 x86_64 x86_64 x86_64 GNU/Linux

Execution Hardware: Linux bilbo.quantumbioinc.com 3.10.0-862.14.4.el7.x86_64 #1 SMP Wed Sep 26 15:12:11 UTC 2018 x86_64 x86_64 x86_64 GNU/Linux
Execution Environment: linux-x86_64
Execution Time: Mon Jul 3 16:49:26 EDT 2023
Execution Distribution: CentOS Linux release 7.5.1804 (Core)


QB Build: b

Component: Persistence
Version: QB_VERSION
Revision: GIT_REVISION

Component: hdf5
Version: 1.10.6

Component: open mpi
Component: lib z
Version: 1.2.11

Component: lib c
Version: 2.17

Command line: "/home/oleg/TEST/qmechanic4"/bin/qmechanic 1LRI+H.h5#1LRI+H 1LRI.mtz 1LRI+H.h5 --xstats first /A/CLR/99//

INFO - Running on bilbo.quantumbioinc.com
INFO - Processors: 16
INFO - Memory Requested: 1.68644e+11 b
INFO - Retrieved perception prodigals: 30
INFO - Retrieved perception repairs: 0
INFO - qmechanic finished at Mon Jul  3 16:49:31 2023

INFO - Compiled: Mon Jul 3 15:20:01 EDT 2023, Linux bilbo.quantumbioinc.com 3.10.0-862.14.4.el7.x86_64 #1 SMP Wed Sep 26 15:12:11 UTC 2018 x86_64 x86_64 x86_64 GNU/Linux

Execution Hardware: Linux bilbo.quantumbioinc.com 3.10.0-862.14.4.el7.x86_64 #1 SMP Wed Sep 26 15:12:11 UTC 2018 x86_64 x86_64 x86_64 GNU/Linux
Execution Environment: linux-x86_64
Execution Time: Mon Jul 3 16:49:31 EDT 2023
Execution Distribution: CentOS Linux release 7.5.1804 (Core)


QB Build: b

Component: Persistence
Version: QB_VERSION
Revision: GIT_REVISION

Component: hdf5
Version: 1.10.6

Component: open mpi
Component: lib z
Version: 1.2.11

Component: lib c
Version: 2.17

Command line: "/home/oleg/TEST/qmechanic4"/bin/qmechanic 1LRI+H.h5#1LRI+H 1LRI+H_refined.mtz 1LRI+H.h5 --xstats last /A/CLR/99//

INFO - Running on bilbo.quantumbioinc.com
INFO - Processors: 16
INFO - Memory Requested: 1.68812e+11 b
INFO - Retrieved perception prodigals: 30
INFO - Retrieved perception repairs: 0
INFO - qmechanic finished at Mon Jul  3 16:49:35 2023

INFO - Compiled: Mon Jul 3 15:20:01 EDT 2023, Linux bilbo.quantumbioinc.com 3.10.0-862.14.4.el7.x86_64 #1 SMP Wed Sep 26 15:12:11 UTC 2018 x86_64 x86_64 x86_64 GNU/Linux

Execution Hardware: Linux bilbo.quantumbioinc.com 3.10.0-862.14.4.el7.x86_64 #1 SMP Wed Sep 26 15:12:11 UTC 2018 x86_64 x86_64 x86_64 GNU/Linux
Execution Environment: linux-x86_64
Execution Time: Mon Jul 3 16:49:35 EDT 2023
Execution Distribution: CentOS Linux release 7.5.1804 (Core)


QB Build: b

Component: Persistence
Version: QB_VERSION
Revision: GIT_REVISION

Component: hdf5
Version: 1.10.6

Component: open mpi
Component: lib z
Version: 1.2.11

Component: lib c
Version: 2.17

Command line: "/home/oleg/TEST/qmechanic4"/bin/qmechanic 1LRI+H.h5#1LRI+H 1LRI+H.h5 -h pm6 --opt 100 1e-3 --crop first /A/CLR/99// 0.0 0.0 --np 4 -p tmp.pdb

INFO - Running on bilbo.quantumbioinc.com
INFO - Processors: 4
INFO - Memory Requested: 1.69327e+11 b
INFO - MM name amberff14sb
INFO - qmechanic finished at Mon Jul  3 16:50:22 2023

INFO - Compiled: Mon Jul 3 15:20:01 EDT 2023, Linux bilbo.quantumbioinc.com 3.10.0-862.14.4.el7.x86_64 #1 SMP Wed Sep 26 15:12:11 UTC 2018 x86_64 x86_64 x86_64 GNU/Linux

Execution Hardware: Linux bilbo.quantumbioinc.com 3.10.0-862.14.4.el7.x86_64 #1 SMP Wed Sep 26 15:12:11 UTC 2018 x86_64 x86_64 x86_64 GNU/Linux
Execution Environment: linux-x86_64
Execution Time: Mon Jul 3 16:50:22 EDT 2023
Execution Distribution: CentOS Linux release 7.5.1804 (Core)


QB Build: b

Component: Persistence
Version: QB_VERSION
Revision: GIT_REVISION

Component: hdf5
Version: 1.10.6

Component: open mpi
Component: lib z
Version: 1.2.11

Component: lib c
Version: 2.17

Command line: "/home/oleg/TEST/qmechanic4"/bin/qmechanic 1LRI+H.h5#1LRI+H 1LRI+H.h5 -h pm6 --opt 100 1e-3 --crop last /A/CLR/99// 0.0 0.0 --np 4 -p tmp.pdb

INFO - Running on bilbo.quantumbioinc.com
INFO - Processors: 4
INFO - Memory Requested: 1.6908e+11 b
INFO - MM name amberff14sb
INFO - qmechanic finished at Mon Jul  3 16:51:07 2023

