INFO - Compiled: Mon Jul 3 15:20:01 EDT 2023, Linux bilbo.quantumbioinc.com 3.10.0-862.14.4.el7.x86_64 #1 SMP Wed Sep 26 15:12:11 UTC 2018 x86_64 x86_64 x86_64 GNU/Linux

Execution Hardware: Linux bilbo.quantumbioinc.com 3.10.0-862.14.4.el7.x86_64 #1 SMP Wed Sep 26 15:12:11 UTC 2018 x86_64 x86_64 x86_64 GNU/Linux
Execution Environment: linux-x86_64
Execution Time: Mon Jul 3 16:35:31 EDT 2023
Execution Distribution: CentOS Linux release 7.5.1804 (Core)


QB Build: b

Component: Persistence
Version: QB_VERSION
Revision: GIT_REVISION

Component: hdf5
Version: 1.10.6

Component: open mpi
Component: lib z
Version: 1.2.11

Component: lib c
Version: 2.17

Command line: "/home/oleg/TEST/qmechanic4"/bin/qmechanic 1LRI+H.pdb 1LRI.mtz --opt all 25 0.01 --qm-region /A/CLR/99// 3.0 0 -h pm6 amberff14sb --np 4 -O -p 1LRI+H_refined.pdb 1LRI+H_refined.mtz

INFO - Running on bilbo.quantumbioinc.com
INFO - Processors: 4
INFO - Memory Requested: 1.6678e+11 b
INFO - MM name amberff14sb
DEBUG - to loop: dynamic roothaan for standard: VM: 813476 RES: 92648
DEBUG - to cap: dynamic roothaan for standard: VM: 813476 RES: 92648
DEBUG - 0DP 0 for /A/LEU/98// N C
DEBUG -  /A/LEU/98// thick N H
DEBUG - /A/LEU/98// 20 caps  21 -1 97
DEBUG - runChargesOn: dynamic roothaan for standard: VM: 813476 RES: 92648
DEBUG - before: dynamic roothaan for standard: VM: 827024 RES: 94220
DEBUG -  /A/LEU/98//H mully N H -0.67283 0.24789
DEBUG - after yet in scope: dynamic roothaan for standard: VM: 1.19083e+06 RES: 97392
DEBUG - transferChargesBackTo: dynamic roothaan for standard: VM: 1.19083e+06 RES: 97392
DEBUG - loop end: dynamic roothaan for standard: VM: 1.19083e+06 RES: 97392
DEBUG - /A/CLR/99// standalone 0 74
DEBUG - runChargesOn: dynamic roothaan for standard: VM: 1.19083e+06 RES: 97392
DEBUG - before: dynamic roothaan for standard: VM: 1.19083e+06 RES: 97520
DEBUG - after yet in scope: dynamic roothaan for standard: VM: 1.30516e+06 RES: 98136
INFO - qmechanic finished at Mon Jul  3 16:48:45 2023

